app/build/outputs/logs/manifest-merger-debug-report.txt
-- Merging decision tree log ---
manifest
ADDED from src\main\AndroidManifest.xml:2:1-52:12
	package
		ADDED from src\main\AndroidManifest.xml:3:5-30
		INJECTED from src\main\AndroidManifest.xml
		INJECTED from src\main\AndroidManifest.xml
	android:versionName
		INJECTED from src\main\AndroidManifest.xml
		INJECTED from src\main\AndroidManifest.xml
	xmlns:android
		ADDED from src\main\AndroidManifest.xml:2:11-69
	android:versionCode
		INJECTED from src\main\AndroidManifest.xml
		INJECTED from src\main\AndroidManifest.xml
uses-permission#android.permission.ACCESS_COARSE_LOCATION
ADDED from src\main\AndroidManifest.xml:5:5-81
	android:name
		ADDED from src\main\AndroidManifest.xml:5:22-78
uses-permission#android.permission.ACCESS_FINE_LOCATION
ADDED from src\main\AndroidManifest.xml:6:5-79
	android:name
		ADDED from src\main\AndroidManifest.xml:6:22-76
application
ADDED from src\main\AndroidManifest.xml:8:5-50:19
MERGED from [com.android.support:design:25.3.1] AndroidManifest.xml:29:5-20
MERGED from [com.android.support:appcompat-v7:25.3.1] AndroidManifest.xml:29:5-20
MERGED from [com.android.support:animated-vector-drawable:25.3.1] AndroidManifest.xml:26:5-20
MERGED from [com.android.support:support-vector-drawable:25.3.1] AndroidManifest.xml:26:5-20
MERGED from [com.android.support:transition:25.3.1] AndroidManifest.xml:26:5-20
MERGED from [com.google.android.gms:play-services-maps:10.2.6] AndroidManifest.xml:24:5-19
MERGED from [com.google.android.gms:play-services-location:10.2.6] AndroidManifest.xml:4:5-19
MERGED from [com.google.android.gms:play-services-base:10.2.6] AndroidManifest.xml:18:5-20:19
MERGED from [com.google.android.gms:play-services-tasks:10.2.6] AndroidManifest.xml:4:5-19
MERGED from [com.google.android.gms:play-services-basement:10.2.6] AndroidManifest.xml:19:5-21:19
MERGED from [com.twitter.sdk.android:twitter:3.1.1] AndroidManifest.xml:25:5-20
MERGED from [com.twitter.sdk.android:tweet-ui:3.1.1] AndroidManifest.xml:27:5-35:19
MERGED from [com.twitter.sdk.android:tweet-composer:3.1.1] AndroidManifest.xml:27:5-37:19
MERGED from [com.twitter.sdk.android:twitter-core:3.1.1] AndroidManifest.xml:27:5-33:19
MERGED from [com.twitter.sdk.android:twitter-mopub:3.1.1] AndroidManifest.xml:27:5-40:19
MERGED from [com.mopub:mopub-sdk:4.11.0] AndroidManifest.xml:11:5-20
MERGED from [com.mopub:mopub-sdk-banner:4.11.0] AndroidManifest.xml:11:5-20
MERGED from [com.mopub:mopub-sdk-rewardedvideo:4.11.0] AndroidManifest.xml:11:5-20
MERGED from [com.mopub:mopub-sdk-interstitial:4.11.0] AndroidManifest.xml:11:5-20
MERGED from [com.mopub:mopub-sdk-native-video:4.11.0] AndroidManifest.xml:11:5-20
MERGED from [com.mopub:mopub-sdk-native-static:4.11.0] AndroidManifest.xml:11:5-20
MERGED from [com.mopub:mopub-sdk-base:4.11.0] AndroidManifest.xml:11:5-20
MERGED from [com.android.support:support-v4:25.3.1] AndroidManifest.xml:29:5-20
MERGED from [com.android.support:support-fragment:25.3.1] AndroidManifest.xml:29:5-20
MERGED from [com.android.support:support-media-compat:25.3.1] AndroidManifest.xml:29:5-20
MERGED from [com.android.support:support-core-utils:25.3.1] AndroidManifest.xml:29:5-20
MERGED from [com.android.support:support-core-ui:25.3.1] AndroidManifest.xml:29:5-20
MERGED from [com.android.support:support-compat:25.3.1] AndroidManifest.xml:29:5-20
	android:label
		ADDED from src\main\AndroidManifest.xml:11:9-41
	android:supportsRtl
		ADDED from src\main\AndroidManifest.xml:12:9-35
	android:allowBackup
		ADDED from src\main\AndroidManifest.xml:9:9-35
	android:icon
		ADDED from src\main\AndroidManifest.xml:10:9-37
	android:theme
		ADDED from src\main\AndroidManifest.xml:13:9-40
resources
ADDED from src\main\AndroidManifest.xml:14:9-20:21
string
ADDED from src\main\AndroidManifest.xml:15:13-16:22
	android:name
		ADDED from src\main\AndroidManifest.xml:15:21-72
receiver#monash.emission.entity.MyResultReceiver
ADDED from src\main\AndroidManifest.xml:22:9-30:20
	android:exported
		ADDED from src\main\AndroidManifest.xml:24:13-37
	android:name
		ADDED from src\main\AndroidManifest.xml:23:13-52
intent-filter#com.twitter.sdk.android.tweetcomposer.TWEET_COMPOSE_CANCEL+com.twitter.sdk.android.tweetcomposer.UPLOAD_FAILURE+com.twitter.sdk.android.tweetcomposer.UPLOAD_SUCCESS
ADDED from src\main\AndroidManifest.xml:25:13-29:29
action#com.twitter.sdk.android.tweetcomposer.UPLOAD_SUCCESS
ADDED from src\main\AndroidManifest.xml:26:17-95
	android:name
		ADDED from src\main\AndroidManifest.xml:26:25-92
action#com.twitter.sdk.android.tweetcomposer.UPLOAD_FAILURE
ADDED from src\main\AndroidManifest.xml:27:17-95
	android:name
		ADDED from src\main\AndroidManifest.xml:27:25-92
action#com.twitter.sdk.android.tweetcomposer.TWEET_COMPOSE_CANCEL
ADDED from src\main\AndroidManifest.xml:28:17-101
	android:name
		ADDED from src\main\AndroidManifest.xml:28:25-98
activity#monash.emission.MainActivity
ADDED from src\main\AndroidManifest.xml:32:9-59
	android:name
		ADDED from src\main\AndroidManifest.xml:32:19-47
activity#monash.emission.IndustrySectorActivity
ADDED from src\main\AndroidManifest.xml:33:9-60
	android:name
		ADDED from src\main\AndroidManifest.xml:33:19-57
activity#monash.emission.CoffeeRoastingFuncV2.CoffeeRoastActivity
ADDED from src\main\AndroidManifest.xml:34:9-78
	android:name
		ADDED from src\main\AndroidManifest.xml:34:19-75
activity#monash.emission.CalculationActivity
ADDED from src\main\AndroidManifest.xml:35:9-38:47
	android:label
		ADDED from src\main\AndroidManifest.xml:37:13-63
	android:theme
		ADDED from src\main\AndroidManifest.xml:38:13-44
	android:name
		ADDED from src\main\AndroidManifest.xml:36:13-48
activity#monash.emission.account.UserDashboard
ADDED from src\main\AndroidManifest.xml:39:9-42:59
	android:label
		ADDED from src\main\AndroidManifest.xml:41:13-45
	android:theme
		ADDED from src\main\AndroidManifest.xml:42:13-56
	android:name
		ADDED from src\main\AndroidManifest.xml:40:13-50
activity#monash.emission.account.AccountActivity
ADDED from src\main\AndroidManifest.xml:43:9-49:20
	android:name
		ADDED from src\main\AndroidManifest.xml:43:19-58
intent-filter#android.intent.action.MAIN+android.intent.category.LAUNCHER
ADDED from src\main\AndroidManifest.xml:44:13-48:29
action#android.intent.action.MAIN
ADDED from src\main\AndroidManifest.xml:45:17-69
	android:name
		ADDED from src\main\AndroidManifest.xml:45:25-66
category#android.intent.category.LAUNCHER
ADDED from src\main\AndroidManifest.xml:47:17-77
	android:name
		ADDED from src\main\AndroidManifest.xml:47:27-74
uses-sdk
INJECTED from src\main\AndroidManifest.xml reason: use-sdk injection requested
MERGED from [com.android.support:design:25.3.1] AndroidManifest.xml:21:5-23:62
MERGED from [com.android.support:appcompat-v7:25.3.1] AndroidManifest.xml:21:5-23:78
MERGED from [com.android.support:animated-vector-drawable:25.3.1] AndroidManifest.xml:20:5-44
MERGED from [com.android.support:support-vector-drawable:25.3.1] AndroidManifest.xml:20:5-43
MERGED from [com.android.support:transition:25.3.1] AndroidManifest.xml:20:5-44
MERGED from [com.google.android.gms:play-services-maps:10.2.6] AndroidManifest.xml:23:5-43
MERGED from [com.google.android.gms:play-services-location:10.2.6] AndroidManifest.xml:3:5-43
MERGED from [com.google.android.gms:play-services-base:10.2.6] AndroidManifest.xml:17:5-43
MERGED from [com.google.android.gms:play-services-tasks:10.2.6] AndroidManifest.xml:3:5-43
MERGED from [com.google.android.gms:play-services-basement:10.2.6] AndroidManifest.xml:17:5-43
MERGED from [com.twitter.sdk.android:twitter:3.1.1] AndroidManifest.xml:23:5-44
MERGED from [com.twitter.sdk.android:tweet-ui:3.1.1] AndroidManifest.xml:23:5-44
MERGED from [com.twitter.sdk.android:tweet-composer:3.1.1] AndroidManifest.xml:23:5-44
MERGED from [com.twitter.sdk.android:twitter-core:3.1.1] AndroidManifest.xml:23:5-44
MERGED from [com.twitter.sdk.android:twitter-mopub:3.1.1] AndroidManifest.xml:23:5-44
MERGED from [com.mopub:mopub-sdk:4.11.0] AndroidManifest.xml:7:5-9:41
MERGED from [com.mopub:mopub-sdk-banner:4.11.0] AndroidManifest.xml:7:5-9:41
MERGED from [com.mopub:mopub-sdk-rewardedvideo:4.11.0] AndroidManifest.xml:7:5-9:41
MERGED from [com.mopub:mopub-sdk-interstitial:4.11.0] AndroidManifest.xml:7:5-9:41
MERGED from [com.mopub:mopub-sdk-native-video:4.11.0] AndroidManifest.xml:7:5-9:41
MERGED from [com.mopub:mopub-sdk-native-static:4.11.0] AndroidManifest.xml:7:5-9:41
MERGED from [com.mopub:mopub-sdk-base:4.11.0] AndroidManifest.xml:7:5-9:41
MERGED from [com.android.support:support-v4:25.3.1] AndroidManifest.xml:21:5-23:54
MERGED from [com.android.support:support-fragment:25.3.1] AndroidManifest.xml:21:5-23:60
MERGED from [com.android.support:support-media-compat:25.3.1] AndroidManifest.xml:21:5-23:63
MERGED from [com.android.support:support-core-utils:25.3.1] AndroidManifest.xml:21:5-23:61
MERGED from [com.android.support:recyclerview-v7:25.3.1] AndroidManifest.xml:20:5-43
MERGED from [com.android.support:support-core-ui:25.3.1] AndroidManifest.xml:21:5-23:58
MERGED from [com.android.support:support-compat:25.3.1] AndroidManifest.xml:21:5-23:58
MERGED from [com.google.android.exoplayer:exoplayer:r1.5.6] AndroidManifest.xml:24:5-26:41
	tools:overrideLibrary
		ADDED from [com.android.support:design:25.3.1] AndroidManifest.xml:23:9-59
	android:targetSdkVersion
		INJECTED from src\main\AndroidManifest.xml
		INJECTED from src\main\AndroidManifest.xml
	android:minSdkVersion
		INJECTED from src\main\AndroidManifest.xml
		INJECTED from src\main\AndroidManifest.xml
meta-data#android.support.VERSION
ADDED from [com.android.support:design:25.3.1] AndroidManifest.xml:25:5-27:34
MERGED from [com.android.support:appcompat-v7:25.3.1] AndroidManifest.xml:25:5-27:34
MERGED from [com.android.support:animated-vector-drawable:25.3.1] AndroidManifest.xml:22:5-24:34
MERGED from [com.android.support:support-vector-drawable:25.3.1] AndroidManifest.xml:22:5-24:34
MERGED from [com.android.support:transition:25.3.1] AndroidManifest.xml:22:5-24:34
MERGED from [com.android.support:support-v4:25.3.1] AndroidManifest.xml:25:5-27:34
MERGED from [com.android.support:support-fragment:25.3.1] AndroidManifest.xml:25:5-27:34
MERGED from [com.android.support:support-media-compat:25.3.1] AndroidManifest.xml:25:5-27:34
MERGED from [com.android.support:support-core-utils:25.3.1] AndroidManifest.xml:25:5-27:34
MERGED from [com.android.support:recyclerview-v7:25.3.1] AndroidManifest.xml:22:5-24:34
MERGED from [com.android.support:support-core-ui:25.3.1] AndroidManifest.xml:25:5-27:34
MERGED from [com.android.support:support-compat:25.3.1] AndroidManifest.xml:25:5-27:34
	android:value
		ADDED from [com.android.support:design:25.3.1] AndroidManifest.xml:27:9-31
	android:name
		ADDED from [com.android.support:design:25.3.1] AndroidManifest.xml:26:9-47
uses-permission#android.permission.ACCESS_NETWORK_STATE
ADDED from [com.google.android.gms:play-services-maps:10.2.6] AndroidManifest.xml:19:5-78
MERGED from [com.twitter.sdk.android:twitter-mopub:3.1.1] AndroidManifest.xml:25:5-79
	android:name
		ADDED from [com.google.android.gms:play-services-maps:10.2.6] AndroidManifest.xml:19:22-76
uses-permission#android.permission.INTERNET
ADDED from [com.google.android.gms:play-services-maps:10.2.6] AndroidManifest.xml:20:5-66
MERGED from [com.twitter.sdk.android:tweet-ui:3.1.1] AndroidManifest.xml:25:5-67
MERGED from [com.twitter.sdk.android:tweet-composer:3.1.1] AndroidManifest.xml:25:5-67
MERGED from [com.twitter.sdk.android:twitter-core:3.1.1] AndroidManifest.xml:25:5-67
	android:name
		ADDED from [com.google.android.gms:play-services-maps:10.2.6] AndroidManifest.xml:20:22-64
uses-feature#0x00020000
ADDED from [com.google.android.gms:play-services-maps:10.2.6] AndroidManifest.xml:21:5-77
	android:glEsVersion
		ADDED from [com.google.android.gms:play-services-maps:10.2.6] AndroidManifest.xml:21:19-51
	android:required
		ADDED from [com.google.android.gms:play-services-maps:10.2.6] AndroidManifest.xml:21:52-75
activity#com.google.android.gms.common.api.GoogleApiActivity
ADDED from [com.google.android.gms:play-services-base:10.2.6] AndroidManifest.xml:19:9-172
	android:exported
		ADDED from [com.google.android.gms:play-services-base:10.2.6] AndroidManifest.xml:19:146-170
	android:theme
		ADDED from [com.google.android.gms:play-services-base:10.2.6] AndroidManifest.xml:19:86-145
	android:name
		ADDED from [com.google.android.gms:play-services-base:10.2.6] AndroidManifest.xml:19:19-85
meta-data#com.google.android.gms.version
ADDED from [com.google.android.gms:play-services-basement:10.2.6] AndroidManifest.xml:20:9-121
	android:value
		ADDED from [com.google.android.gms:play-services-basement:10.2.6] AndroidManifest.xml:20:66-119
	android:name
		ADDED from [com.google.android.gms:play-services-basement:10.2.6] AndroidManifest.xml:20:20-65
activity#com.twitter.sdk.android.tweetui.PlayerActivity
ADDED from [com.twitter.sdk.android:tweet-ui:3.1.1] AndroidManifest.xml:28:9-31:49
	android:configChanges
		ADDED from [com.twitter.sdk.android:tweet-ui:3.1.1] AndroidManifest.xml:30:13-74
	android:theme
		ADDED from [com.twitter.sdk.android:tweet-ui:3.1.1] AndroidManifest.xml:31:13-46
	android:name
		ADDED from [com.twitter.sdk.android:tweet-ui:3.1.1] AndroidManifest.xml:29:13-74
activity#com.twitter.sdk.android.tweetui.GalleryActivity
ADDED from [com.twitter.sdk.android:tweet-ui:3.1.1] AndroidManifest.xml:32:9-34:49
	android:theme
		ADDED from [com.twitter.sdk.android:tweet-ui:3.1.1] AndroidManifest.xml:34:13-46
	android:name
		ADDED from [com.twitter.sdk.android:tweet-ui:3.1.1] AndroidManifest.xml:33:13-75
activity#com.twitter.sdk.android.tweetcomposer.ComposerActivity
ADDED from [com.twitter.sdk.android:tweet-composer:3.1.1] AndroidManifest.xml:28:9-31:71
	android:exported
		ADDED from [com.twitter.sdk.android:tweet-composer:3.1.1] AndroidManifest.xml:30:13-37
	android:windowSoftInputMode
		ADDED from [com.twitter.sdk.android:tweet-composer:3.1.1] AndroidManifest.xml:31:13-68
	android:name
		ADDED from [com.twitter.sdk.android:tweet-composer:3.1.1] AndroidManifest.xml:29:13-82
service#com.twitter.sdk.android.tweetcomposer.TweetUploadService
ADDED from [com.twitter.sdk.android:tweet-composer:3.1.1] AndroidManifest.xml:33:9-36:40
	android:enabled
		ADDED from [com.twitter.sdk.android:tweet-composer:3.1.1] AndroidManifest.xml:35:13-35
	android:exported
		ADDED from [com.twitter.sdk.android:tweet-composer:3.1.1] AndroidManifest.xml:36:13-37
	android:name
		ADDED from [com.twitter.sdk.android:tweet-composer:3.1.1] AndroidManifest.xml:34:13-84
activity#com.twitter.sdk.android.core.identity.OAuthActivity
ADDED from [com.twitter.sdk.android:twitter-core:3.1.1] AndroidManifest.xml:28:9-32:40
	android:excludeFromRecents
		ADDED from [com.twitter.sdk.android:twitter-core:3.1.1] AndroidManifest.xml:31:13-46
	android:exported
		ADDED from [com.twitter.sdk.android:twitter-core:3.1.1] AndroidManifest.xml:32:13-37
	android:configChanges
		ADDED from [com.twitter.sdk.android:twitter-core:3.1.1] AndroidManifest.xml:30:13-59
	android:name
		ADDED from [com.twitter.sdk.android:twitter-core:3.1.1] AndroidManifest.xml:29:13-79
activity#com.mopub.mobileads.MoPubActivity
ADDED from [com.twitter.sdk.android:twitter-mopub:3.1.1] AndroidManifest.xml:28:9-30:77
	android:configChanges
		ADDED from [com.twitter.sdk.android:twitter-mopub:3.1.1] AndroidManifest.xml:30:13-74
	android:name
		ADDED from [com.twitter.sdk.android:twitter-mopub:3.1.1] AndroidManifest.xml:29:13-61
activity#com.mopub.mobileads.MraidActivity
ADDED from [com.twitter.sdk.android:twitter-mopub:3.1.1] AndroidManifest.xml:31:9-33:77
	android:configChanges
		ADDED from [com.twitter.sdk.android:twitter-mopub:3.1.1] AndroidManifest.xml:33:13-74
	android:name
		ADDED from [com.twitter.sdk.android:twitter-mopub:3.1.1] AndroidManifest.xml:32:13-61
activity#com.mopub.common.MoPubBrowser
ADDED from [com.twitter.sdk.android:twitter-mopub:3.1.1] AndroidManifest.xml:34:9-36:77
	android:configChanges
		ADDED from [com.twitter.sdk.android:twitter-mopub:3.1.1] AndroidManifest.xml:36:13-74
	android:name
		ADDED from [com.twitter.sdk.android:twitter-mopub:3.1.1] AndroidManifest.xml:35:13-57
activity#com.mopub.mobileads.MraidVideoPlayerActivity
ADDED from [com.twitter.sdk.android:twitter-mopub:3.1.1] AndroidManifest.xml:37:9-39:77
	android:configChanges
		ADDED from [com.twitter.sdk.android:twitter-mopub:3.1.1] AndroidManifest.xml:39:13-74
	android:name
		ADDED from [com.twitter.sdk.android:twitter-mopub:3.1.1] AndroidManifest.xml:38:13-72